Build started 18-05-2024 17:29:31.
     1>Project "C:\Users\sanji\Desktop\flowing_fountain\flowing_fountain\flowing_fountain.vcxproj" on node 2 (build target(s)).
     1>InitializeBuildStatus:
         Touching "Debug\flowing_fountain.unsuccessfulbuild".
       ClCompile:
         C:\Program Files (x86)\Microsoft Visual Studio 10.0\VC\bin\CL.exe /c /ZI /nologo /W3 /WX- /Od /Oy- /D _MBCS /Gm /EHsc /RTC1 /MDd /GS /fp:precise /Zc:wchar_t /Zc:forScope /Fo"Debug\\" /Fd"Debug\vc100.pdb" /Gd /TP /analyze- /errorReport:prompt test.cpp
         test.cpp
     1>c:\users\sanji\desktop\flowing_fountain\flowing_fountain\test.cpp(85): warning C4258: 'i' : definition from the for loop is ignored; the definition from the enclosing scope is used
                 c:\users\sanji\desktop\flowing_fountain\flowing_fountain\test.cpp(79) : definition of 'i' ignored
                 c:\users\sanji\desktop\flowing_fountain\flowing_fountain\test.cpp(11) : definition of 'i' used
     1>c:\users\sanji\desktop\flowing_fountain\flowing_fountain\test.cpp(85): warning C4258: 'i' : definition from the for loop is ignored; the definition from the enclosing scope is used
                 c:\users\sanji\desktop\flowing_fountain\flowing_fountain\test.cpp(79) : definition of 'i' ignored
                 c:\users\sanji\desktop\flowing_fountain\flowing_fountain\test.cpp(11) : definition of 'i' used
     1>c:\users\sanji\desktop\flowing_fountain\flowing_fountain\test.cpp(85): warning C4018: '<' : signed/unsigned mismatch
     1>c:\users\sanji\desktop\flowing_fountain\flowing_fountain\test.cpp(85): warning C4258: 'i' : definition from the for loop is ignored; the definition from the enclosing scope is used
                 c:\users\sanji\desktop\flowing_fountain\flowing_fountain\test.cpp(79) : definition of 'i' ignored
                 c:\users\sanji\desktop\flowing_fountain\flowing_fountain\test.cpp(11) : definition of 'i' used
     1>c:\users\sanji\desktop\flowing_fountain\flowing_fountain\test.cpp(87): warning C4258: 'i' : definition from the for loop is ignored; the definition from the enclosing scope is used
                 c:\users\sanji\desktop\flowing_fountain\flowing_fountain\test.cpp(79) : definition of 'i' ignored
                 c:\users\sanji\desktop\flowing_fountain\flowing_fountain\test.cpp(11) : definition of 'i' used
     1>c:\users\sanji\desktop\flowing_fountain\flowing_fountain\test.cpp(87): warning C4258: 'i' : definition from the for loop is ignored; the definition from the enclosing scope is used
                 c:\users\sanji\desktop\flowing_fountain\flowing_fountain\test.cpp(79) : definition of 'i' ignored
                 c:\users\sanji\desktop\flowing_fountain\flowing_fountain\test.cpp(11) : definition of 'i' used
     1>c:\users\sanji\desktop\flowing_fountain\flowing_fountain\test.cpp(88): warning C4258: 'i' : definition from the for loop is ignored; the definition from the enclosing scope is used
                 c:\users\sanji\desktop\flowing_fountain\flowing_fountain\test.cpp(79) : definition of 'i' ignored
                 c:\users\sanji\desktop\flowing_fountain\flowing_fountain\test.cpp(11) : definition of 'i' used
     1>c:\users\sanji\desktop\flowing_fountain\flowing_fountain\test.cpp(89): warning C4258: 'i' : definition from the for loop is ignored; the definition from the enclosing scope is used
                 c:\users\sanji\desktop\flowing_fountain\flowing_fountain\test.cpp(79) : definition of 'i' ignored
                 c:\users\sanji\desktop\flowing_fountain\flowing_fountain\test.cpp(11) : definition of 'i' used
     1>c:\users\sanji\desktop\flowing_fountain\flowing_fountain\test.cpp(89): warning C4258: 'i' : definition from the for loop is ignored; the definition from the enclosing scope is used
                 c:\users\sanji\desktop\flowing_fountain\flowing_fountain\test.cpp(79) : definition of 'i' ignored
                 c:\users\sanji\desktop\flowing_fountain\flowing_fountain\test.cpp(11) : definition of 'i' used
     1>c:\users\sanji\desktop\flowing_fountain\flowing_fountain\test.cpp(91): warning C4258: 'i' : definition from the for loop is ignored; the definition from the enclosing scope is used
                 c:\users\sanji\desktop\flowing_fountain\flowing_fountain\test.cpp(79) : definition of 'i' ignored
                 c:\users\sanji\desktop\flowing_fountain\flowing_fountain\test.cpp(11) : definition of 'i' used
     1>c:\users\sanji\desktop\flowing_fountain\flowing_fountain\test.cpp(91): warning C4258: 'i' : definition from the for loop is ignored; the definition from the enclosing scope is used
                 c:\users\sanji\desktop\flowing_fountain\flowing_fountain\test.cpp(79) : definition of 'i' ignored
                 c:\users\sanji\desktop\flowing_fountain\flowing_fountain\test.cpp(11) : definition of 'i' used
     1>c:\users\sanji\desktop\flowing_fountain\flowing_fountain\test.cpp(91): warning C4018: '<' : signed/unsigned mismatch
     1>c:\users\sanji\desktop\flowing_fountain\flowing_fountain\test.cpp(91): warning C4258: 'i' : definition from the for loop is ignored; the definition from the enclosing scope is used
                 c:\users\sanji\desktop\flowing_fountain\flowing_fountain\test.cpp(79) : definition of 'i' ignored
                 c:\users\sanji\desktop\flowing_fountain\flowing_fountain\test.cpp(11) : definition of 'i' used
     1>c:\users\sanji\desktop\flowing_fountain\flowing_fountain\test.cpp(93): warning C4258: 'i' : definition from the for loop is ignored; the definition from the enclosing scope is used
                 c:\users\sanji\desktop\flowing_fountain\flowing_fountain\test.cpp(79) : definition of 'i' ignored
                 c:\users\sanji\desktop\flowing_fountain\flowing_fountain\test.cpp(11) : definition of 'i' used
     1>c:\users\sanji\desktop\flowing_fountain\flowing_fountain\test.cpp(93): warning C4258: 'i' : definition from the for loop is ignored; the definition from the enclosing scope is used
                 c:\users\sanji\desktop\flowing_fountain\flowing_fountain\test.cpp(79) : definition of 'i' ignored
                 c:\users\sanji\desktop\flowing_fountain\flowing_fountain\test.cpp(11) : definition of 'i' used
     1>c:\users\sanji\desktop\flowing_fountain\flowing_fountain\test.cpp(94): warning C4258: 'i' : definition from the for loop is ignored; the definition from the enclosing scope is used
                 c:\users\sanji\desktop\flowing_fountain\flowing_fountain\test.cpp(79) : definition of 'i' ignored
                 c:\users\sanji\desktop\flowing_fountain\flowing_fountain\test.cpp(11) : definition of 'i' used
     1>c:\users\sanji\desktop\flowing_fountain\flowing_fountain\test.cpp(95): warning C4258: 'i' : definition from the for loop is ignored; the definition from the enclosing scope is used
                 c:\users\sanji\desktop\flowing_fountain\flowing_fountain\test.cpp(79) : definition of 'i' ignored
                 c:\users\sanji\desktop\flowing_fountain\flowing_fountain\test.cpp(11) : definition of 'i' used
     1>c:\users\sanji\desktop\flowing_fountain\flowing_fountain\test.cpp(95): warning C4258: 'i' : definition from the for loop is ignored; the definition from the enclosing scope is used
                 c:\users\sanji\desktop\flowing_fountain\flowing_fountain\test.cpp(79) : definition of 'i' ignored
                 c:\users\sanji\desktop\flowing_fountain\flowing_fountain\test.cpp(11) : definition of 'i' used
     1>c:\users\sanji\desktop\flowing_fountain\flowing_fountain\test.cpp(108): warning C4258: 'i' : definition from the for loop is ignored; the definition from the enclosing scope is used
                 c:\users\sanji\desktop\flowing_fountain\flowing_fountain\test.cpp(79) : definition of 'i' ignored
                 c:\users\sanji\desktop\flowing_fountain\flowing_fountain\test.cpp(11) : definition of 'i' used
     1>c:\users\sanji\desktop\flowing_fountain\flowing_fountain\test.cpp(108): warning C4258: 'i' : definition from the for loop is ignored; the definition from the enclosing scope is used
                 c:\users\sanji\desktop\flowing_fountain\flowing_fountain\test.cpp(79) : definition of 'i' ignored
                 c:\users\sanji\desktop\flowing_fountain\flowing_fountain\test.cpp(11) : definition of 'i' used
     1>c:\users\sanji\desktop\flowing_fountain\flowing_fountain\test.cpp(108): warning C4018: '<' : signed/unsigned mismatch
     1>c:\users\sanji\desktop\flowing_fountain\flowing_fountain\test.cpp(108): warning C4258: 'i' : definition from the for loop is ignored; the definition from the enclosing scope is used
                 c:\users\sanji\desktop\flowing_fountain\flowing_fountain\test.cpp(79) : definition of 'i' ignored
                 c:\users\sanji\desktop\flowing_fountain\flowing_fountain\test.cpp(11) : definition of 'i' used
     1>c:\users\sanji\desktop\flowing_fountain\flowing_fountain\test.cpp(110): warning C4258: 'i' : definition from the for loop is ignored; the definition from the enclosing scope is used
                 c:\users\sanji\desktop\flowing_fountain\flowing_fountain\test.cpp(79) : definition of 'i' ignored
                 c:\users\sanji\desktop\flowing_fountain\flowing_fountain\test.cpp(11) : definition of 'i' used
     1>c:\users\sanji\desktop\flowing_fountain\flowing_fountain\test.cpp(111): warning C4258: 'i' : definition from the for loop is ignored; the definition from the enclosing scope is used
                 c:\users\sanji\desktop\flowing_fountain\flowing_fountain\test.cpp(79) : definition of 'i' ignored
                 c:\users\sanji\desktop\flowing_fountain\flowing_fountain\test.cpp(11) : definition of 'i' used
     1>c:\users\sanji\desktop\flowing_fountain\flowing_fountain\test.cpp(112): warning C4258: 'i' : definition from the for loop is ignored; the definition from the enclosing scope is used
                 c:\users\sanji\desktop\flowing_fountain\flowing_fountain\test.cpp(79) : definition of 'i' ignored
                 c:\users\sanji\desktop\flowing_fountain\flowing_fountain\test.cpp(11) : definition of 'i' used
     1>c:\users\sanji\desktop\flowing_fountain\flowing_fountain\test.cpp(113): warning C4258: 'i' : definition from the for loop is ignored; the definition from the enclosing scope is used
                 c:\users\sanji\desktop\flowing_fountain\flowing_fountain\test.cpp(79) : definition of 'i' ignored
                 c:\users\sanji\desktop\flowing_fountain\flowing_fountain\test.cpp(11) : definition of 'i' used
     1>c:\users\sanji\desktop\flowing_fountain\flowing_fountain\test.cpp(115): warning C4258: 'i' : definition from the for loop is ignored; the definition from the enclosing scope is used
                 c:\users\sanji\desktop\flowing_fountain\flowing_fountain\test.cpp(79) : definition of 'i' ignored
                 c:\users\sanji\desktop\flowing_fountain\flowing_fountain\test.cpp(11) : definition of 'i' used
     1>c:\users\sanji\desktop\flowing_fountain\flowing_fountain\test.cpp(116): warning C4258: 'i' : definition from the for loop is ignored; the definition from the enclosing scope is used
                 c:\users\sanji\desktop\flowing_fountain\flowing_fountain\test.cpp(79) : definition of 'i' ignored
                 c:\users\sanji\desktop\flowing_fountain\flowing_fountain\test.cpp(11) : definition of 'i' used
     1>c:\users\sanji\desktop\flowing_fountain\flowing_fountain\test.cpp(123): warning C4258: 'i' : definition from the for loop is ignored; the definition from the enclosing scope is used
                 c:\users\sanji\desktop\flowing_fountain\flowing_fountain\test.cpp(79) : definition of 'i' ignored
                 c:\users\sanji\desktop\flowing_fountain\flowing_fountain\test.cpp(11) : definition of 'i' used
     1>c:\users\sanji\desktop\flowing_fountain\flowing_fountain\test.cpp(123): warning C4258: 'i' : definition from the for loop is ignored; the definition from the enclosing scope is used
                 c:\users\sanji\desktop\flowing_fountain\flowing_fountain\test.cpp(79) : definition of 'i' ignored
                 c:\users\sanji\desktop\flowing_fountain\flowing_fountain\test.cpp(11) : definition of 'i' used
     1>c:\users\sanji\desktop\flowing_fountain\flowing_fountain\test.cpp(123): warning C4018: '<' : signed/unsigned mismatch
     1>c:\users\sanji\desktop\flowing_fountain\flowing_fountain\test.cpp(123): warning C4258: 'i' : definition from the for loop is ignored; the definition from the enclosing scope is used
                 c:\users\sanji\desktop\flowing_fountain\flowing_fountain\test.cpp(79) : definition of 'i' ignored
                 c:\users\sanji\desktop\flowing_fountain\flowing_fountain\test.cpp(11) : definition of 'i' used
     1>c:\users\sanji\desktop\flowing_fountain\flowing_fountain\test.cpp(125): warning C4258: 'i' : definition from the for loop is ignored; the definition from the enclosing scope is used
                 c:\users\sanji\desktop\flowing_fountain\flowing_fountain\test.cpp(79) : definition of 'i' ignored
                 c:\users\sanji\desktop\flowing_fountain\flowing_fountain\test.cpp(11) : definition of 'i' used
     1>c:\users\sanji\desktop\flowing_fountain\flowing_fountain\test.cpp(306): warning C4018: '<' : signed/unsigned mismatch
       Link:
         C:\Program Files (x86)\Microsoft Visual Studio 10.0\VC\bin\link.exe /ERRORREPORT:PROMPT /OUT:"C:\Users\sanji\Desktop\flowing_fountain\Debug\flowing_fountain.exe" /NOLOGO kernel32.lib user32.lib gdi32.lib winspool.lib comdlg32.lib advapi32.lib shell32.lib ole32.lib oleaut32.lib uuid.lib odbc32.lib odbccp32.lib /MANIFEST /ManifestFile:"Debug\flowing_fountain.exe.intermediate.manifest" /MANIFESTUAC:"level='asInvoker' uiAccess='false'" /DEBUG /PDB:"C:\Users\sanji\Desktop\flowing_fountain\Debug\flowing_fountain.pdb" /TLBID:1 /DYNAMICBASE /NXCOMPAT /IMPLIB:"C:\Users\sanji\Desktop\flowing_fountain\Debug\flowing_fountain.lib" /MACHINE:X86 Debug\test.obj
         flowing_fountain.vcxproj -> C:\Users\sanji\Desktop\flowing_fountain\Debug\flowing_fountain.exe
       Manifest:
         C:\Program Files (x86)\Microsoft SDKs\Windows\v7.0A\bin\mt.exe /nologo /verbose /outputresource:"C:\Users\sanji\Desktop\flowing_fountain\Debug\flowing_fountain.exe;#1" /manifest Debug\flowing_fountain.exe.intermediate.manifest
       FinalizeBuildStatus:
         Deleting file "Debug\flowing_fountain.unsuccessfulbuild".
         Touching "Debug\flowing_fountain.lastbuildstate".
     1>Done Building Project "C:\Users\sanji\Desktop\flowing_fountain\flowing_fountain\flowing_fountain.vcxproj" (build target(s)).

Build succeeded.

Time Elapsed 00:00:01.71
